<?xml version="1.0" encoding="UTF-8"?>
<!-- Generated by org.testng.reporters.JUnitReportReporter -->
<testsuite hostname="AvinashP" failures="0" tests="6" name="testng.Prioritisingtests" time="0.021" errors="0" timestamp="2023-10-12T13:22:15 IST" skipped="0">
  <testcase classname="testng.Prioritisingtests" name="demo5" time="0.011"/>
  <testcase classname="testng.Prioritisingtests" name="demo6" time="0.002"/>
  <testcase classname="testng.Prioritisingtests" name="demo4" time="0.002"/>
  <testcase classname="testng.Prioritisingtests" name="demo1" time="0.002"/>
  <testcase classname="testng.Prioritisingtests" name="demo3" time="0.002"/>
  <testcase classname="testng.Prioritisingtests" name="demo2" time="0.002"/>
</testsuite> <!-- testng.Prioritisingtests -->
