<?xml version="1.0" encoding="UTF-8"?>
<!-- Generated by org.testng.reporters.JUnitReportReporter -->
<testsuite hostname="AvinashP" failures="0" tests="1" name="testng.Sampletest" time="0.010" errors="0" timestamp="2023-10-12T13:13:24 IST" skipped="0">
  <testcase classname="testng.Sampletest" name="demo" time="0.010"/>
</testsuite> <!-- testng.Sampletest -->
